ZEPPELIN_CLASSPATH: ::/data/apps/zeppelin-0.7.1-bin-all/lib/interpreter/*:/data/apps/zeppelin-0.7.1-bin-all/lib/*:/data/apps/zeppelin-0.7.1-bin-all/*::/data/03076/rhuang/.zeppelin/conf/
OpenJDK 64-Bit Server VM warning: ignoring option MaxPermSize=512m; support was removed in 8.0
SLF4J: Class path contains multiple SLF4J bindings.
SLF4J: Found binding in [jar:file:/data/apps/zeppelin-0.7.1-bin-all/lib/interpreter/slf4j-log4j12-1.7.10.jar!/org/slf4j/impl/StaticLoggerBinder.class]
SLF4J: Found binding in [jar:file:/data/apps/zeppelin-0.7.1-bin-all/lib/slf4j-log4j12-1.7.10.jar!/org/slf4j/impl/StaticLoggerBinder.class]
SLF4J: See http://www.slf4j.org/codes.html#multiple_bindings for an explanation.
SLF4J: Actual binding is of type [org.slf4j.impl.Log4jLoggerFactory]
Apr 13, 2017 1:20:14 PM com.sun.jersey.api.core.PackagesResourceConfig init
INFO: Scanning for root resource and provider classes in the packages:
  org.apache.zeppelin.rest
Apr 13, 2017 1:20:14 PM com.sun.jersey.api.core.ScanningResourceConfig logClasses
INFO: Root resource classes found:
  class org.apache.zeppelin.rest.NotebookRestApi
  class org.apache.zeppelin.rest.InterpreterRestApi
  class org.apache.zeppelin.rest.ConfigurationsRestApi
  class org.apache.zeppelin.rest.HeliumRestApi
  class org.apache.zeppelin.rest.NotebookRepoRestApi
  class org.apache.zeppelin.rest.ZeppelinRestApi
  class org.apache.zeppelin.rest.SecurityRestApi
  class org.apache.zeppelin.rest.LoginRestApi
  class org.apache.zeppelin.rest.CredentialRestApi
Apr 13, 2017 1:20:14 PM com.sun.jersey.api.core.ScanningResourceConfig init
INFO: No provider classes found.
Apr 13, 2017 1:20:14 PM com.sun.jersey.server.impl.application.WebApplicationImpl _initiate
INFO: Initiating Jersey application, version 'Jersey: 1.13 06/29/2012 05:14 PM'
Apr 13, 2017 1:20:17 PM com.sun.jersey.spi.inject.Errors processErrorMessages
WARNING: The following warnings have been detected with resource and/or provider classes:
  WARNING: A HTTP GET method, public javax.ws.rs.core.Response org.apache.zeppelin.rest.CredentialRestApi.getCredentials(java.lang.String) throws java.io.IOException,java.lang.IllegalArgumentException, should not consume any entity.
  WARNING: A HTTP GET method, public javax.ws.rs.core.Response org.apache.zeppelin.rest.InterpreterRestApi.listInterpreter(java.lang.String), should not consume any entity.
  WARNING: A sub-resource method, public javax.ws.rs.core.Response org.apache.zeppelin.rest.NotebookRestApi.createNote(java.lang.String) throws java.io.IOException, with URI template, "/", is treated as a resource method
  WARNING: A sub-resource method, public javax.ws.rs.core.Response org.apache.zeppelin.rest.NotebookRestApi.getNoteList() throws java.io.IOException, with URI template, "/", is treated as a resource method
