 INFO [2017-04-13 13:15:39,169] ({main} ZeppelinConfiguration.java[create]:101) - Load configuration from file:/data/03076/rhuang/.zeppelin/conf/zeppelin-site.xml
 INFO [2017-04-13 13:15:39,644] ({main} ZeppelinConfiguration.java[create]:109) - Server Host: 0.0.0.0
 INFO [2017-04-13 13:15:39,646] ({main} ZeppelinConfiguration.java[create]:111) - Server Port: 8080
 INFO [2017-04-13 13:15:39,648] ({main} ZeppelinConfiguration.java[create]:115) - Context Path: /
 INFO [2017-04-13 13:15:39,682] ({main} ZeppelinConfiguration.java[create]:116) - Zeppelin Version: 0.7.1
 INFO [2017-04-13 13:15:39,890] ({main} Log.java[initialized]:186) - Logging initialized @7698ms
 INFO [2017-04-13 13:15:40,443] ({main} ZeppelinServer.java[setupWebAppContext]:341) - ZeppelinServer Webapp path: /data/03076/rhuang/.zeppelin/webapps
 INFO [2017-04-13 13:15:42,305] ({main} ZeppelinServer.java[main]:185) - Starting zeppelin server
 INFO [2017-04-13 13:15:42,319] ({main} Server.java[doStart]:327) - jetty-9.2.15.v20160210
 INFO [2017-04-13 13:19:29,796] ({main} StandardDescriptorProcessor.java[visitServlet]:297) - NO JSP Support for /, did not find org.eclipse.jetty.jsp.JettyJspServlet
 INFO [2017-04-13 13:19:29,926] ({main} ContextHandler.java[log]:2052) - Initializing Shiro environment
 INFO [2017-04-13 13:19:29,927] ({main} EnvironmentLoader.java[initEnvironment]:128) - Starting Shiro environment initialization.
 INFO [2017-04-13 13:19:30,393] ({main} EnvironmentLoader.java[initEnvironment]:141) - Shiro environment initialized in 465 ms.
 WARN [2017-04-13 13:19:31,819] ({main} Helium.java[loadConf]:101) - /data/03076/rhuang/.zeppelin/conf//helium.json does not exists
ERROR [2017-04-13 13:19:31,833] ({main} ZeppelinServer.java[<init>]:137) - No such file or directory
java.io.IOException: No such file or directory
	at java.io.UnixFileSystem.createFileExclusively(Native Method)
	at java.io.File.createNewFile(File.java:1012)
	at org.apache.zeppelin.helium.HeliumVisualizationFactory.bundle(HeliumVisualizationFactory.java:124)
	at org.apache.zeppelin.helium.HeliumVisualizationFactory.bundle(HeliumVisualizationFactory.java:114)
	at org.apache.zeppelin.server.ZeppelinServer.<init>(ZeppelinServer.java:135)
	at sun.reflect.NativeConstructorAccessorImpl.newInstance0(Native Method)
	at sun.reflect.NativeConstructorAccessorImpl.newInstance(NativeConstructorAccessorImpl.java:62)
	at sun.reflect.DelegatingConstructorAccessorImpl.newInstance(DelegatingConstructorAccessorImpl.java:45)
	at java.lang.reflect.Constructor.newInstance(Constructor.java:422)
	at org.apache.cxf.jaxrs.servlet.CXFNonSpringJaxrsServlet.createSingletonInstance(CXFNonSpringJaxrsServlet.java:382)
	at org.apache.cxf.jaxrs.servlet.CXFNonSpringJaxrsServlet.createApplicationInstance(CXFNonSpringJaxrsServlet.java:454)
	at org.apache.cxf.jaxrs.servlet.CXFNonSpringJaxrsServlet.createServerFromApplication(CXFNonSpringJaxrsServlet.java:432)
	at org.apache.cxf.jaxrs.servlet.CXFNonSpringJaxrsServlet.init(CXFNonSpringJaxrsServlet.java:93)
	at org.eclipse.jetty.servlet.ServletHolder.initServlet(ServletHolder.java:616)
	at org.eclipse.jetty.servlet.ServletHolder.initialize(ServletHolder.java:396)
	at org.eclipse.jetty.servlet.ServletHandler.initialize(ServletHandler.java:871)
	at org.eclipse.jetty.servlet.ServletContextHandler.startContext(ServletContextHandler.java:298)
	at org.eclipse.jetty.webapp.WebAppContext.startWebapp(WebAppContext.java:1349)
	at org.eclipse.jetty.webapp.WebAppContext.startContext(WebAppContext.java:1342)
	at org.eclipse.jetty.server.handler.ContextHandler.doStart(ContextHandler.java:741)
	at org.eclipse.jetty.webapp.WebAppContext.doStart(WebAppContext.java:505)
	at org.eclipse.jetty.util.component.AbstractLifeCycle.start(AbstractLifeCycle.java:68)
	at org.eclipse.jetty.util.component.ContainerLifeCycle.start(ContainerLifeCycle.java:132)
	at org.eclipse.jetty.util.component.ContainerLifeCycle.doStart(ContainerLifeCycle.java:114)
	at org.eclipse.jetty.server.handler.AbstractHandler.doStart(AbstractHandler.java:61)
	at org.eclipse.jetty.server.handler.ContextHandlerCollection.doStart(ContextHandlerCollection.java:163)
	at org.eclipse.jetty.util.component.AbstractLifeCycle.start(AbstractLifeCycle.java:68)
	at org.eclipse.jetty.util.component.ContainerLifeCycle.start(ContainerLifeCycle.java:132)
	at org.eclipse.jetty.server.Server.start(Server.java:387)
	at org.eclipse.jetty.util.component.ContainerLifeCycle.doStart(ContainerLifeCycle.java:114)
	at org.eclipse.jetty.server.handler.AbstractHandler.doStart(AbstractHandler.java:61)
	at org.eclipse.jetty.server.Server.doStart(Server.java:354)
	at org.eclipse.jetty.util.component.AbstractLifeCycle.start(AbstractLifeCycle.java:68)
	at org.apache.zeppelin.server.ZeppelinServer.main(ZeppelinServer.java:187)
 WARN [2017-04-13 13:19:52,353] ({main} Interpreter.java[register]:406) - Static initialization is deprecated for interpreter sql, You should change it to use interpreter-setting.json in your jar or interpreter/{interpreter}/interpreter-setting.json
 INFO [2017-04-13 13:19:52,366] ({main} InterpreterSettingManager.java[init]:300) - Interpreter psql.sql found. class=org.apache.zeppelin.postgresql.PostgreSqlInterpreter
 INFO [2017-04-13 13:20:05,818] ({main} InterpreterSettingManager.java[init]:332) - InterpreterSettingRef name ignite
 INFO [2017-04-13 13:20:05,821] ({main} InterpreterSettingManager.java[init]:332) - InterpreterSettingRef name python
 INFO [2017-04-13 13:20:05,822] ({main} InterpreterSettingManager.java[init]:332) - InterpreterSettingRef name jdbc
 INFO [2017-04-13 13:20:05,823] ({main} InterpreterSettingManager.java[init]:332) - InterpreterSettingRef name psql
 INFO [2017-04-13 13:20:05,824] ({main} InterpreterSettingManager.java[init]:332) - InterpreterSettingRef name lens
 INFO [2017-04-13 13:20:05,825] ({main} InterpreterSettingManager.java[init]:332) - InterpreterSettingRef name pig
 INFO [2017-04-13 13:20:05,825] ({main} InterpreterSettingManager.java[init]:332) - InterpreterSettingRef name flink
 INFO [2017-04-13 13:20:05,826] ({main} InterpreterSettingManager.java[init]:332) - InterpreterSettingRef name angular
 INFO [2017-04-13 13:20:05,827] ({main} InterpreterSettingManager.java[init]:332) - InterpreterSettingRef name livy
 INFO [2017-04-13 13:20:05,828] ({main} InterpreterSettingManager.java[init]:332) - InterpreterSettingRef name file
 INFO [2017-04-13 13:20:05,829] ({main} InterpreterSettingManager.java[init]:332) - InterpreterSettingRef name elasticsearch
 INFO [2017-04-13 13:20:05,830] ({main} InterpreterSettingManager.java[init]:332) - InterpreterSettingRef name spark
 INFO [2017-04-13 13:20:05,831] ({main} InterpreterSettingManager.java[init]:332) - InterpreterSettingRef name cassandra
 INFO [2017-04-13 13:20:05,832] ({main} InterpreterSettingManager.java[init]:332) - InterpreterSettingRef name sh
 INFO [2017-04-13 13:20:05,833] ({main} InterpreterSettingManager.java[init]:332) - InterpreterSettingRef name md
 INFO [2017-04-13 13:20:05,834] ({main} InterpreterSettingManager.java[init]:332) - InterpreterSettingRef name alluxio
 INFO [2017-04-13 13:20:05,835] ({main} InterpreterSettingManager.java[init]:332) - InterpreterSettingRef name bigquery
 INFO [2017-04-13 13:20:05,835] ({main} InterpreterSettingManager.java[init]:332) - InterpreterSettingRef name hbase
 INFO [2017-04-13 13:20:05,836] ({main} InterpreterSettingManager.java[init]:332) - InterpreterSettingRef name kylin
 INFO [2017-04-13 13:20:06,005] ({main} InterpreterSettingManager.java[init]:361) - InterpreterSetting group md : id=2CEC4DN6R, name=md
 INFO [2017-04-13 13:20:06,006] ({main} InterpreterSettingManager.java[init]:361) - InterpreterSetting group elasticsearch : id=2CESV24NF, name=elasticsearch
 INFO [2017-04-13 13:20:06,007] ({main} InterpreterSettingManager.java[init]:361) - InterpreterSetting group livy : id=2CFRJS84F, name=livy
 INFO [2017-04-13 13:20:06,008] ({main} InterpreterSettingManager.java[init]:361) - InterpreterSetting group kylin : id=2CF4KEBGV, name=kylin
 INFO [2017-04-13 13:20:06,009] ({main} InterpreterSettingManager.java[init]:361) - InterpreterSetting group sh : id=2CE1WWXCT, name=sh
 INFO [2017-04-13 13:20:06,010] ({main} InterpreterSettingManager.java[init]:361) - InterpreterSetting group psql : id=2CFSFC6SM, name=psql
 INFO [2017-04-13 13:20:06,011] ({main} InterpreterSettingManager.java[init]:361) - InterpreterSetting group python : id=2CCXJ39FD, name=python
 INFO [2017-04-13 13:20:06,012] ({main} InterpreterSettingManager.java[init]:361) - InterpreterSetting group ignite : id=2CFRH8Q5E, name=ignite
 INFO [2017-04-13 13:20:06,013] ({main} InterpreterSettingManager.java[init]:361) - InterpreterSetting group cassandra : id=2CGKVU5CJ, name=cassandra
 INFO [2017-04-13 13:20:06,014] ({main} InterpreterSettingManager.java[init]:361) - InterpreterSetting group bigquery : id=2CEKB8KEF, name=bigquery
 INFO [2017-04-13 13:20:06,015] ({main} InterpreterSettingManager.java[init]:361) - InterpreterSetting group spark : id=2CDHYXB1T, name=spark
 INFO [2017-04-13 13:20:06,016] ({main} InterpreterSettingManager.java[init]:361) - InterpreterSetting group jdbc : id=2CDKEKJXZ, name=jdbc
 INFO [2017-04-13 13:20:06,017] ({main} InterpreterSettingManager.java[init]:361) - InterpreterSetting group lens : id=2CFGM4JXT, name=lens
 INFO [2017-04-13 13:20:06,017] ({main} InterpreterSettingManager.java[init]:361) - InterpreterSetting group pig : id=2CFASV9AG, name=pig
 INFO [2017-04-13 13:20:06,018] ({main} InterpreterSettingManager.java[init]:361) - InterpreterSetting group file : id=2CEA667ZP, name=file
 INFO [2017-04-13 13:20:06,019] ({main} InterpreterSettingManager.java[init]:361) - InterpreterSetting group alluxio : id=2CF98APUR, name=alluxio
 INFO [2017-04-13 13:20:06,020] ({main} InterpreterSettingManager.java[init]:361) - InterpreterSetting group hbase : id=2CEE2CXH7, name=hbase
 INFO [2017-04-13 13:20:06,021] ({main} InterpreterSettingManager.java[init]:361) - InterpreterSetting group angular : id=2CCNJ98W2, name=angular
 INFO [2017-04-13 13:20:06,022] ({main} InterpreterSettingManager.java[init]:361) - InterpreterSetting group flink : id=2CCUH18VB, name=flink
 INFO [2017-04-13 13:20:06,085] ({main} InterpreterFactory.java[<init>]:130) - shiroEnabled: false
 INFO [2017-04-13 13:20:06,900] ({main} VfsLog.java[info]:138) - Using "/tmp/vfs_cache" as temporary files store.
 INFO [2017-04-13 13:20:07,251] ({main} GitNotebookRepo.java[<init>]:63) - Opening a git repo at '/data/03076/rhuang/.zeppelin/notebook'
 INFO [2017-04-13 13:20:08,043] ({main} GitNotebookRepo.java[<init>]:66) - Git repo /data/03076/rhuang/.zeppelin/notebook/.git does not exist, creating a new one
 INFO [2017-04-13 13:20:09,575] ({main} NotebookAuthorization.java[loadFromFile]:96) - /data/03076/rhuang/.zeppelin/conf/notebook-authorization.json
 INFO [2017-04-13 13:20:09,582] ({main} Credentials.java[loadFromFile]:102) - /data/03076/rhuang/.zeppelin/conf/credentials.json
 INFO [2017-04-13 13:20:09,801] ({main} StdSchedulerFactory.java[instantiate]:1184) - Using default implementation for ThreadExecutor
 INFO [2017-04-13 13:20:09,820] ({main} SimpleThreadPool.java[initialize]:268) - Job execution threads will use class loader of thread: main
 INFO [2017-04-13 13:20:09,909] ({main} SchedulerSignalerImpl.java[<init>]:61) - Initialized Scheduler Signaller of type: class org.quartz.core.SchedulerSignalerImpl
 INFO [2017-04-13 13:20:09,916] ({main} QuartzScheduler.java[<init>]:240) - Quartz Scheduler v.2.2.1 created.
 INFO [2017-04-13 13:20:09,923] ({main} RAMJobStore.java[initialize]:155) - RAMJobStore initialized.
 INFO [2017-04-13 13:20:09,928] ({main} QuartzScheduler.java[initialize]:305) - Scheduler meta-data: Quartz Scheduler (v2.2.1) 'DefaultQuartzScheduler' with instanceId 'NON_CLUSTERED'
  Scheduler class: 'org.quartz.core.QuartzScheduler' - running locally.
  NOT STARTED.
  Currently in standby mode.
  Number of jobs executed: 0
  Using thread pool 'org.quartz.simpl.SimpleThreadPool' - with 10 threads.
  Using job-store 'org.quartz.simpl.RAMJobStore' - which does not support persistence. and is not clustered.

 INFO [2017-04-13 13:20:09,929] ({main} StdSchedulerFactory.java[instantiate]:1339) - Quartz scheduler 'DefaultQuartzScheduler' initialized from default resource file in Quartz package: 'quartz.properties'
 INFO [2017-04-13 13:20:09,931] ({main} StdSchedulerFactory.java[instantiate]:1343) - Quartz scheduler version: 2.2.1
 INFO [2017-04-13 13:20:09,932] ({main} QuartzScheduler.java[start]:575) - Scheduler DefaultQuartzScheduler_$_NON_CLUSTERED started.
 INFO [2017-04-13 13:20:10,871] ({main} FolderView.java[createFolder]:107) - Create folder Zeppelin Tutorial
 INFO [2017-04-13 13:20:10,873] ({main} FolderView.java[createFolder]:107) - Create folder /
 INFO [2017-04-13 13:20:10,874] ({main} Folder.java[setParent]:168) - Set parent of / to /
 INFO [2017-04-13 13:20:10,875] ({main} Folder.java[setParent]:168) - Set parent of Zeppelin Tutorial to /
 INFO [2017-04-13 13:20:10,876] ({main} Folder.java[addNote]:184) - Add note 2BYEZ5EVK to folder Zeppelin Tutorial
 INFO [2017-04-13 13:20:10,936] ({main} Folder.java[addNote]:184) - Add note 2C35YU814 to folder Zeppelin Tutorial
 INFO [2017-04-13 13:20:10,978] ({main} Folder.java[addNote]:184) - Add note 2C57UKYWR to folder Zeppelin Tutorial
 INFO [2017-04-13 13:20:11,098] ({main} Folder.java[addNote]:184) - Add note 2BWJFTXKJ to folder Zeppelin Tutorial
 INFO [2017-04-13 13:20:11,131] ({main} Folder.java[addNote]:184) - Add note 2A94M5J1Z to folder Zeppelin Tutorial
 INFO [2017-04-13 13:20:11,198] ({main} Folder.java[addNote]:184) - Add note 2C2AUG798 to folder Zeppelin Tutorial
 INFO [2017-04-13 13:20:11,200] ({main} Notebook.java[<init>]:127) - Notebook indexing started...
 INFO [2017-04-13 13:20:12,442] ({main} LuceneSearch.java[addIndexDocs]:305) - Indexing 6 notebooks took 1240ms
 INFO [2017-04-13 13:20:12,443] ({main} Notebook.java[<init>]:129) - Notebook indexing finished: 6 indexed in -1s
 INFO [2017-04-13 13:20:13,494] ({main} ServerImpl.java[initDestination]:94) - Setting the server's publish address to be /
 INFO [2017-04-13 13:20:17,711] ({main} ContextHandler.java[doStart]:744) - Started o.e.j.w.WebAppContext@2f112965{/,file:/data/03076/rhuang/.zeppelin/webapps/webapp/,AVAILABLE}{/data/apps/zeppelin-0.7.1-bin-all/zeppelin-web-0.7.1.war}
 INFO [2017-04-13 13:20:17,782] ({main} AbstractConnector.java[doStart]:266) - Started ServerConnector@6dd1c3ed{HTTP/1.1}{0.0.0.0:8080}
 INFO [2017-04-13 13:20:17,792] ({main} Server.java[doStart]:379) - Started @285647ms
 INFO [2017-04-13 13:20:17,794] ({main} ZeppelinServer.java[main]:192) - Done, zeppelin server started
 INFO [2017-04-13 13:21:17,339] ({qtp788117692-49} NotebookServer.java[onOpen]:156) - New connection from 127.0.0.1 : 51802
 INFO [2017-04-13 13:22:46,000] ({qtp788117692-53} NotebookServer.java[onClose]:363) - Closed connection to 127.0.0.1 : 51802. (1001) null
 WARN [2017-04-13 13:22:46,003] ({qtp788117692-53} NotebookServer.java[removeUserConnection]:374) - Closing connection that is absent in user connections
 INFO [2017-04-13 13:22:46,306] ({qtp788117692-54} AbstractValidatingSessionManager.java[enableSessionValidation]:230) - Enabling session validation scheduler...
 WARN [2017-04-13 13:22:46,674] ({qtp788117692-53} ServletHandler.java[doHandle]:620) - 
javax.servlet.ServletException: Filtered request failed.
	at org.apache.shiro.web.servlet.AbstractShiroFilter.doFilterInternal(AbstractShiroFilter.java:384)
	at org.apache.shiro.web.servlet.OncePerRequestFilter.doFilter(OncePerRequestFilter.java:125)
	at org.eclipse.jetty.servlet.ServletHandler$CachedChain.doFilter(ServletHandler.java:1652)
	at org.apache.zeppelin.server.CorsFilter.doFilter(CorsFilter.java:72)
	at org.eclipse.jetty.servlet.ServletHandler$CachedChain.doFilter(ServletHandler.java:1652)
	at org.eclipse.jetty.servlet.ServletHandler.doHandle(ServletHandler.java:585)
	at org.eclipse.jetty.server.handler.ScopedHandler.handle(ScopedHandler.java:143)
	at org.eclipse.jetty.security.SecurityHandler.handle(SecurityHandler.java:577)
	at org.eclipse.jetty.server.session.SessionHandler.doHandle(SessionHandler.java:223)
	at org.eclipse.jetty.server.handler.ContextHandler.doHandle(ContextHandler.java:1127)
	at org.eclipse.jetty.servlet.ServletHandler.doScope(ServletHandler.java:515)
	at org.eclipse.jetty.server.session.SessionHandler.doScope(SessionHandler.java:185)
	at org.eclipse.jetty.server.handler.ContextHandler.doScope(ContextHandler.java:1061)
	at org.eclipse.jetty.server.handler.ScopedHandler.handle(ScopedHandler.java:141)
	at org.eclipse.jetty.server.handler.ContextHandlerCollection.handle(ContextHandlerCollection.java:215)
	at org.eclipse.jetty.server.handler.HandlerWrapper.handle(HandlerWrapper.java:97)
	at org.eclipse.jetty.server.Server.handle(Server.java:499)
	at org.eclipse.jetty.server.HttpChannel.handle(HttpChannel.java:311)
	at org.eclipse.jetty.server.HttpConnection.onFillable(HttpConnection.java:257)
	at org.eclipse.jetty.io.AbstractConnection$2.run(AbstractConnection.java:544)
	at org.eclipse.jetty.util.thread.QueuedThreadPool.runJob(QueuedThreadPool.java:635)
	at org.eclipse.jetty.util.thread.QueuedThreadPool$3.run(QueuedThreadPool.java:555)
	at java.lang.Thread.run(Thread.java:745)
Caused by: java.lang.NoSuchMethodError: javax.ws.rs.ClientErrorException.validate(Ljavax/ws/rs/core/Response;Ljavax/ws/rs/core/Response$Status$Family;)Ljavax/ws/rs/core/Response;
	at javax.ws.rs.ClientErrorException.<init>(ClientErrorException.java:88)
	at org.apache.cxf.jaxrs.utils.JAXRSUtils.findTargetMethod(JAXRSUtils.java:503)
	at org.apache.cxf.jaxrs.interceptor.JAXRSInInterceptor.processRequest(JAXRSInInterceptor.java:198)
	at org.apache.cxf.jaxrs.interceptor.JAXRSInInterceptor.handleMessage(JAXRSInInterceptor.java:90)
	at org.apache.cxf.phase.PhaseInterceptorChain.doIntercept(PhaseInterceptorChain.java:272)
	at org.apache.cxf.transport.ChainInitiationObserver.onMessage(ChainInitiationObserver.java:121)
	at org.apache.cxf.transport.http.AbstractHTTPDestination.invoke(AbstractHTTPDestination.java:239)
	at org.apache.cxf.transport.servlet.ServletController.invokeDestination(ServletController.java:248)
	at org.apache.cxf.transport.servlet.ServletController.invoke(ServletController.java:222)
	at org.apache.cxf.transport.servlet.ServletController.invoke(ServletController.java:153)
	at org.apache.cxf.transport.servlet.CXFNonSpringServlet.invoke(CXFNonSpringServlet.java:167)
	at org.apache.cxf.transport.servlet.AbstractHTTPServlet.handleRequest(AbstractHTTPServlet.java:286)
	at org.apache.cxf.transport.servlet.AbstractHTTPServlet.doGet(AbstractHTTPServlet.java:211)
	at javax.servlet.http.HttpServlet.service(HttpServlet.java:687)
	at org.apache.cxf.transport.servlet.AbstractHTTPServlet.service(AbstractHTTPServlet.java:262)
	at org.eclipse.jetty.servlet.ServletHolder.handle(ServletHolder.java:812)
	at org.eclipse.jetty.servlet.ServletHandler$CachedChain.doFilter(ServletHandler.java:1669)
	at org.apache.shiro.web.servlet.ProxiedFilterChain.doFilter(ProxiedFilterChain.java:61)
	at org.apache.shiro.web.servlet.AdviceFilter.executeChain(AdviceFilter.java:108)
	at org.apache.shiro.web.servlet.AdviceFilter.doFilterInternal(AdviceFilter.java:137)
	at org.apache.shiro.web.servlet.OncePerRequestFilter.doFilter(OncePerRequestFilter.java:125)
	at org.apache.shiro.web.servlet.ProxiedFilterChain.doFilter(ProxiedFilterChain.java:66)
	at org.apache.shiro.web.servlet.AbstractShiroFilter.executeChain(AbstractShiroFilter.java:449)
	at org.apache.shiro.web.servlet.AbstractShiroFilter$1.call(AbstractShiroFilter.java:365)
	at org.apache.shiro.subject.support.SubjectCallable.doCall(SubjectCallable.java:90)
	at org.apache.shiro.subject.support.SubjectCallable.call(SubjectCallable.java:83)
	at org.apache.shiro.subject.support.DelegatingSubject.execute(DelegatingSubject.java:383)
	at org.apache.shiro.web.servlet.AbstractShiroFilter.doFilterInternal(AbstractShiroFilter.java:362)
	... 22 more
 INFO [2017-04-13 13:22:46,770] ({qtp788117692-53} NotebookServer.java[onOpen]:156) - New connection from 127.0.0.1 : 51840
 WARN [2017-04-13 13:22:59,824] ({qtp788117692-54} LoginRestApi.java[postLogin]:115) - {"status":"OK","message":"","body":{"principal":"user5682","ticket":"53c159f6-1d9a-483b-81e5-5e91a2e47aac","roles":"[admin]"}}
 WARN [2017-04-13 13:23:07,463] ({qtp788117692-56} LoginRestApi.java[logout]:127) - {"status":"UNAUTHORIZED","message":"","body":""}
 WARN [2017-04-13 13:23:07,565] ({qtp788117692-53} ServletHandler.java[doHandle]:620) - 
javax.servlet.ServletException: Filtered request failed.
	at org.apache.shiro.web.servlet.AbstractShiroFilter.doFilterInternal(AbstractShiroFilter.java:384)
	at org.apache.shiro.web.servlet.OncePerRequestFilter.doFilter(OncePerRequestFilter.java:125)
	at org.eclipse.jetty.servlet.ServletHandler$CachedChain.doFilter(ServletHandler.java:1652)
	at org.apache.zeppelin.server.CorsFilter.doFilter(CorsFilter.java:72)
	at org.eclipse.jetty.servlet.ServletHandler$CachedChain.doFilter(ServletHandler.java:1652)
	at org.eclipse.jetty.servlet.ServletHandler.doHandle(ServletHandler.java:585)
	at org.eclipse.jetty.server.handler.ScopedHandler.handle(ScopedHandler.java:143)
	at org.eclipse.jetty.security.SecurityHandler.handle(SecurityHandler.java:577)
	at org.eclipse.jetty.server.session.SessionHandler.doHandle(SessionHandler.java:223)
	at org.eclipse.jetty.server.handler.ContextHandler.doHandle(ContextHandler.java:1127)
	at org.eclipse.jetty.servlet.ServletHandler.doScope(ServletHandler.java:515)
	at org.eclipse.jetty.server.session.SessionHandler.doScope(SessionHandler.java:185)
	at org.eclipse.jetty.server.handler.ContextHandler.doScope(ContextHandler.java:1061)
	at org.eclipse.jetty.server.handler.ScopedHandler.handle(ScopedHandler.java:141)
	at org.eclipse.jetty.server.handler.ContextHandlerCollection.handle(ContextHandlerCollection.java:215)
	at org.eclipse.jetty.server.handler.HandlerWrapper.handle(HandlerWrapper.java:97)
	at org.eclipse.jetty.server.Server.handle(Server.java:499)
	at org.eclipse.jetty.server.HttpChannel.handle(HttpChannel.java:311)
	at org.eclipse.jetty.server.HttpConnection.onFillable(HttpConnection.java:257)
	at org.eclipse.jetty.io.AbstractConnection$2.run(AbstractConnection.java:544)
	at org.eclipse.jetty.util.thread.QueuedThreadPool.runJob(QueuedThreadPool.java:635)
	at org.eclipse.jetty.util.thread.QueuedThreadPool$3.run(QueuedThreadPool.java:555)
	at java.lang.Thread.run(Thread.java:745)
Caused by: java.lang.NoSuchMethodError: javax.ws.rs.ClientErrorException.validate(Ljavax/ws/rs/core/Response;Ljavax/ws/rs/core/Response$Status$Family;)Ljavax/ws/rs/core/Response;
	at javax.ws.rs.ClientErrorException.<init>(ClientErrorException.java:88)
	at org.apache.cxf.jaxrs.utils.JAXRSUtils.findTargetMethod(JAXRSUtils.java:503)
	at org.apache.cxf.jaxrs.interceptor.JAXRSInInterceptor.processRequest(JAXRSInInterceptor.java:198)
	at org.apache.cxf.jaxrs.interceptor.JAXRSInInterceptor.handleMessage(JAXRSInInterceptor.java:90)
	at org.apache.cxf.phase.PhaseInterceptorChain.doIntercept(PhaseInterceptorChain.java:272)
	at org.apache.cxf.transport.ChainInitiationObserver.onMessage(ChainInitiationObserver.java:121)
	at org.apache.cxf.transport.http.AbstractHTTPDestination.invoke(AbstractHTTPDestination.java:239)
	at org.apache.cxf.transport.servlet.ServletController.invokeDestination(ServletController.java:248)
	at org.apache.cxf.transport.servlet.ServletController.invoke(ServletController.java:222)
	at org.apache.cxf.transport.servlet.ServletController.invoke(ServletController.java:153)
	at org.apache.cxf.transport.servlet.CXFNonSpringServlet.invoke(CXFNonSpringServlet.java:167)
	at org.apache.cxf.transport.servlet.AbstractHTTPServlet.handleRequest(AbstractHTTPServlet.java:286)
	at org.apache.cxf.transport.servlet.AbstractHTTPServlet.doGet(AbstractHTTPServlet.java:211)
	at javax.servlet.http.HttpServlet.service(HttpServlet.java:687)
	at org.apache.cxf.transport.servlet.AbstractHTTPServlet.service(AbstractHTTPServlet.java:262)
	at org.eclipse.jetty.servlet.ServletHolder.handle(ServletHolder.java:812)
	at org.eclipse.jetty.servlet.ServletHandler$CachedChain.doFilter(ServletHandler.java:1669)
	at org.apache.shiro.web.servlet.ProxiedFilterChain.doFilter(ProxiedFilterChain.java:61)
	at org.apache.shiro.web.servlet.AdviceFilter.executeChain(AdviceFilter.java:108)
	at org.apache.shiro.web.servlet.AdviceFilter.doFilterInternal(AdviceFilter.java:137)
	at org.apache.shiro.web.servlet.OncePerRequestFilter.doFilter(OncePerRequestFilter.java:125)
	at org.apache.shiro.web.servlet.ProxiedFilterChain.doFilter(ProxiedFilterChain.java:66)
	at org.apache.shiro.web.servlet.AbstractShiroFilter.executeChain(AbstractShiroFilter.java:449)
	at org.apache.shiro.web.servlet.AbstractShiroFilter$1.call(AbstractShiroFilter.java:365)
	at org.apache.shiro.subject.support.SubjectCallable.doCall(SubjectCallable.java:90)
	at org.apache.shiro.subject.support.SubjectCallable.call(SubjectCallable.java:83)
	at org.apache.shiro.subject.support.DelegatingSubject.execute(DelegatingSubject.java:383)
	at org.apache.shiro.web.servlet.AbstractShiroFilter.doFilterInternal(AbstractShiroFilter.java:362)
	... 22 more
 INFO [2017-04-13 13:23:08,628] ({qtp788117692-56} NotebookServer.java[onClose]:363) - Closed connection to 127.0.0.1 : 51840. (1001) null
 WARN [2017-04-13 13:23:09,109] ({qtp788117692-53} ServletHandler.java[doHandle]:620) - 
javax.servlet.ServletException: Filtered request failed.
	at org.apache.shiro.web.servlet.AbstractShiroFilter.doFilterInternal(AbstractShiroFilter.java:384)
	at org.apache.shiro.web.servlet.OncePerRequestFilter.doFilter(OncePerRequestFilter.java:125)
	at org.eclipse.jetty.servlet.ServletHandler$CachedChain.doFilter(ServletHandler.java:1652)
	at org.apache.zeppelin.server.CorsFilter.doFilter(CorsFilter.java:72)
	at org.eclipse.jetty.servlet.ServletHandler$CachedChain.doFilter(ServletHandler.java:1652)
	at org.eclipse.jetty.servlet.ServletHandler.doHandle(ServletHandler.java:585)
	at org.eclipse.jetty.server.handler.ScopedHandler.handle(ScopedHandler.java:143)
	at org.eclipse.jetty.security.SecurityHandler.handle(SecurityHandler.java:577)
	at org.eclipse.jetty.server.session.SessionHandler.doHandle(SessionHandler.java:223)
	at org.eclipse.jetty.server.handler.ContextHandler.doHandle(ContextHandler.java:1127)
	at org.eclipse.jetty.servlet.ServletHandler.doScope(ServletHandler.java:515)
	at org.eclipse.jetty.server.session.SessionHandler.doScope(SessionHandler.java:185)
	at org.eclipse.jetty.server.handler.ContextHandler.doScope(ContextHandler.java:1061)
	at org.eclipse.jetty.server.handler.ScopedHandler.handle(ScopedHandler.java:141)
	at org.eclipse.jetty.server.handler.ContextHandlerCollection.handle(ContextHandlerCollection.java:215)
	at org.eclipse.jetty.server.handler.HandlerWrapper.handle(HandlerWrapper.java:97)
	at org.eclipse.jetty.server.Server.handle(Server.java:499)
	at org.eclipse.jetty.server.HttpChannel.handle(HttpChannel.java:311)
	at org.eclipse.jetty.server.HttpConnection.onFillable(HttpConnection.java:257)
	at org.eclipse.jetty.io.AbstractConnection$2.run(AbstractConnection.java:544)
	at org.eclipse.jetty.util.thread.QueuedThreadPool.runJob(QueuedThreadPool.java:635)
	at org.eclipse.jetty.util.thread.QueuedThreadPool$3.run(QueuedThreadPool.java:555)
	at java.lang.Thread.run(Thread.java:745)
Caused by: java.lang.NoSuchMethodError: javax.ws.rs.ClientErrorException.validate(Ljavax/ws/rs/core/Response;Ljavax/ws/rs/core/Response$Status$Family;)Ljavax/ws/rs/core/Response;
	at javax.ws.rs.ClientErrorException.<init>(ClientErrorException.java:88)
	at org.apache.cxf.jaxrs.utils.JAXRSUtils.findTargetMethod(JAXRSUtils.java:503)
	at org.apache.cxf.jaxrs.interceptor.JAXRSInInterceptor.processRequest(JAXRSInInterceptor.java:198)
	at org.apache.cxf.jaxrs.interceptor.JAXRSInInterceptor.handleMessage(JAXRSInInterceptor.java:90)
	at org.apache.cxf.phase.PhaseInterceptorChain.doIntercept(PhaseInterceptorChain.java:272)
	at org.apache.cxf.transport.ChainInitiationObserver.onMessage(ChainInitiationObserver.java:121)
	at org.apache.cxf.transport.http.AbstractHTTPDestination.invoke(AbstractHTTPDestination.java:239)
	at org.apache.cxf.transport.servlet.ServletController.invokeDestination(ServletController.java:248)
	at org.apache.cxf.transport.servlet.ServletController.invoke(ServletController.java:222)
	at org.apache.cxf.transport.servlet.ServletController.invoke(ServletController.java:153)
	at org.apache.cxf.transport.servlet.CXFNonSpringServlet.invoke(CXFNonSpringServlet.java:167)
	at org.apache.cxf.transport.servlet.AbstractHTTPServlet.handleRequest(AbstractHTTPServlet.java:286)
	at org.apache.cxf.transport.servlet.AbstractHTTPServlet.doGet(AbstractHTTPServlet.java:211)
	at javax.servlet.http.HttpServlet.service(HttpServlet.java:687)
	at org.apache.cxf.transport.servlet.AbstractHTTPServlet.service(AbstractHTTPServlet.java:262)
	at org.eclipse.jetty.servlet.ServletHolder.handle(ServletHolder.java:812)
	at org.eclipse.jetty.servlet.ServletHandler$CachedChain.doFilter(ServletHandler.java:1669)
	at org.apache.shiro.web.servlet.ProxiedFilterChain.doFilter(ProxiedFilterChain.java:61)
	at org.apache.shiro.web.servlet.AdviceFilter.executeChain(AdviceFilter.java:108)
	at org.apache.shiro.web.servlet.AdviceFilter.doFilterInternal(AdviceFilter.java:137)
	at org.apache.shiro.web.servlet.OncePerRequestFilter.doFilter(OncePerRequestFilter.java:125)
	at org.apache.shiro.web.servlet.ProxiedFilterChain.doFilter(ProxiedFilterChain.java:66)
	at org.apache.shiro.web.servlet.AbstractShiroFilter.executeChain(AbstractShiroFilter.java:449)
	at org.apache.shiro.web.servlet.AbstractShiroFilter$1.call(AbstractShiroFilter.java:365)
	at org.apache.shiro.subject.support.SubjectCallable.doCall(SubjectCallable.java:90)
	at org.apache.shiro.subject.support.SubjectCallable.call(SubjectCallable.java:83)
	at org.apache.shiro.subject.support.DelegatingSubject.execute(DelegatingSubject.java:383)
	at org.apache.shiro.web.servlet.AbstractShiroFilter.doFilterInternal(AbstractShiroFilter.java:362)
	... 22 more
 INFO [2017-04-13 13:23:09,189] ({qtp788117692-56} NotebookServer.java[onOpen]:156) - New connection from 127.0.0.1 : 51849
ERROR [2017-04-13 13:23:17,976] ({qtp788117692-56} LoginRestApi.java[postLogin]:98) - Exception in login: 
org.apache.shiro.authc.UnknownAccountException: Realm [org.apache.shiro.realm.text.IniRealm@2e40e3a] was unable to find account data for the submitted AuthenticationToken [org.apache.shiro.authc.UsernamePasswordToken - user5681, rememberMe=false].
	at org.apache.shiro.authc.pam.ModularRealmAuthenticator.doSingleRealmAuthentication(ModularRealmAuthenticator.java:184)
	at org.apache.shiro.authc.pam.ModularRealmAuthenticator.doAuthenticate(ModularRealmAuthenticator.java:267)
	at org.apache.shiro.authc.AbstractAuthenticator.authenticate(AbstractAuthenticator.java:198)
	at org.apache.shiro.mgt.AuthenticatingSecurityManager.authenticate(AuthenticatingSecurityManager.java:106)
	at org.apache.shiro.mgt.DefaultSecurityManager.login(DefaultSecurityManager.java:270)
	at org.apache.shiro.subject.support.DelegatingSubject.login(DelegatingSubject.java:256)
	at org.apache.zeppelin.rest.LoginRestApi.postLogin(LoginRestApi.java:77)
	at sun.reflect.NativeMethodAccessorImpl.invoke0(Native Method)
	at sun.reflect.NativeMethodAccessorImpl.invoke(NativeMethodAccessorImpl.java:62)
	at sun.reflect.DelegatingMethodAccessorImpl.invoke(DelegatingMethodAccessorImpl.java:43)
	at java.lang.reflect.Method.invoke(Method.java:497)
	at org.apache.cxf.service.invoker.AbstractInvoker.performInvocation(AbstractInvoker.java:180)
	at org.apache.cxf.service.invoker.AbstractInvoker.invoke(AbstractInvoker.java:96)
	at org.apache.cxf.jaxrs.JAXRSInvoker.invoke(JAXRSInvoker.java:205)
	at org.apache.cxf.jaxrs.JAXRSInvoker.invoke(JAXRSInvoker.java:102)
	at org.apache.cxf.interceptor.ServiceInvokerInterceptor$1.run(ServiceInvokerInterceptor.java:58)
	at org.apache.cxf.interceptor.ServiceInvokerInterceptor.handleMessage(ServiceInvokerInterceptor.java:94)
	at org.apache.cxf.phase.PhaseInterceptorChain.doIntercept(PhaseInterceptorChain.java:272)
	at org.apache.cxf.transport.ChainInitiationObserver.onMessage(ChainInitiationObserver.java:121)
	at org.apache.cxf.transport.http.AbstractHTTPDestination.invoke(AbstractHTTPDestination.java:239)
	at org.apache.cxf.transport.servlet.ServletController.invokeDestination(ServletController.java:248)
	at org.apache.cxf.transport.servlet.ServletController.invoke(ServletController.java:222)
	at org.apache.cxf.transport.servlet.ServletController.invoke(ServletController.java:153)
	at org.apache.cxf.transport.servlet.CXFNonSpringServlet.invoke(CXFNonSpringServlet.java:167)
	at org.apache.cxf.transport.servlet.AbstractHTTPServlet.handleRequest(AbstractHTTPServlet.java:286)
	at org.apache.cxf.transport.servlet.AbstractHTTPServlet.doPost(AbstractHTTPServlet.java:206)
	at javax.servlet.http.HttpServlet.service(HttpServlet.java:707)
	at org.apache.cxf.transport.servlet.AbstractHTTPServlet.service(AbstractHTTPServlet.java:262)
	at org.eclipse.jetty.servlet.ServletHolder.handle(ServletHolder.java:812)
	at org.eclipse.jetty.servlet.ServletHandler$CachedChain.doFilter(ServletHandler.java:1669)
	at org.apache.shiro.web.servlet.ProxiedFilterChain.doFilter(ProxiedFilterChain.java:61)
	at org.apache.shiro.web.servlet.AdviceFilter.executeChain(AdviceFilter.java:108)
	at org.apache.shiro.web.servlet.AdviceFilter.doFilterInternal(AdviceFilter.java:137)
	at org.apache.shiro.web.servlet.OncePerRequestFilter.doFilter(OncePerRequestFilter.java:125)
	at org.apache.shiro.web.servlet.ProxiedFilterChain.doFilter(ProxiedFilterChain.java:66)
	at org.apache.shiro.web.servlet.AbstractShiroFilter.executeChain(AbstractShiroFilter.java:449)
	at org.apache.shiro.web.servlet.AbstractShiroFilter$1.call(AbstractShiroFilter.java:365)
	at org.apache.shiro.subject.support.SubjectCallable.doCall(SubjectCallable.java:90)
	at org.apache.shiro.subject.support.SubjectCallable.call(SubjectCallable.java:83)
	at org.apache.shiro.subject.support.DelegatingSubject.execute(DelegatingSubject.java:383)
	at org.apache.shiro.web.servlet.AbstractShiroFilter.doFilterInternal(AbstractShiroFilter.java:362)
	at org.apache.shiro.web.servlet.OncePerRequestFilter.doFilter(OncePerRequestFilter.java:125)
	at org.eclipse.jetty.servlet.ServletHandler$CachedChain.doFilter(ServletHandler.java:1652)
	at org.apache.zeppelin.server.CorsFilter.doFilter(CorsFilter.java:72)
	at org.eclipse.jetty.servlet.ServletHandler$CachedChain.doFilter(ServletHandler.java:1652)
	at org.eclipse.jetty.servlet.ServletHandler.doHandle(ServletHandler.java:585)
	at org.eclipse.jetty.server.handler.ScopedHandler.handle(ScopedHandler.java:143)
	at org.eclipse.jetty.security.SecurityHandler.handle(SecurityHandler.java:577)
	at org.eclipse.jetty.server.session.SessionHandler.doHandle(SessionHandler.java:223)
	at org.eclipse.jetty.server.handler.ContextHandler.doHandle(ContextHandler.java:1127)
	at org.eclipse.jetty.servlet.ServletHandler.doScope(ServletHandler.java:515)
	at org.eclipse.jetty.server.session.SessionHandler.doScope(SessionHandler.java:185)
	at org.eclipse.jetty.server.handler.ContextHandler.doScope(ContextHandler.java:1061)
	at org.eclipse.jetty.server.handler.ScopedHandler.handle(ScopedHandler.java:141)
	at org.eclipse.jetty.server.handler.ContextHandlerCollection.handle(ContextHandlerCollection.java:215)
	at org.eclipse.jetty.server.handler.HandlerWrapper.handle(HandlerWrapper.java:97)
	at org.eclipse.jetty.server.Server.handle(Server.java:499)
	at org.eclipse.jetty.server.HttpChannel.handle(HttpChannel.java:311)
	at org.eclipse.jetty.server.HttpConnection.onFillable(HttpConnection.java:257)
	at org.eclipse.jetty.io.AbstractConnection$2.run(AbstractConnection.java:544)
	at org.eclipse.jetty.util.thread.QueuedThreadPool.runJob(QueuedThreadPool.java:635)
	at org.eclipse.jetty.util.thread.QueuedThreadPool$3.run(QueuedThreadPool.java:555)
	at java.lang.Thread.run(Thread.java:745)
 WARN [2017-04-13 13:23:17,982] ({qtp788117692-56} LoginRestApi.java[postLogin]:115) - {"status":"FORBIDDEN","message":"","body":""}
 WARN [2017-04-13 13:23:23,292] ({qtp788117692-53} LoginRestApi.java[postLogin]:115) - {"status":"OK","message":"","body":{"principal":"user5682","ticket":"53c159f6-1d9a-483b-81e5-5e91a2e47aac","roles":"[admin]"}}
 INFO [2017-04-13 13:23:34,294] ({qtp788117692-53} FolderView.java[onNoteNameChanged]:205) - Note name changed:  -> test
 INFO [2017-04-13 13:23:34,296] ({qtp788117692-53} Folder.java[addNote]:184) - Add note 2CDSVRGQ1 to folder /
 INFO [2017-04-13 13:23:34,634] ({qtp788117692-53} NotebookServer.java[sendNote]:705) - New operation from 127.0.0.1 : 51849 : user5682 : GET_NOTE : 2CDSVRGQ1
 WARN [2017-04-13 13:23:35,004] ({qtp788117692-53} GitNotebookRepo.java[revisionHistory]:157) - No Head found for 2CDSVRGQ1, No HEAD exists and no explicit starting revision was specified
 INFO [2017-04-13 13:23:35,010] ({qtp788117692-53} NotebookServer.java[sendNote]:705) - New operation from 127.0.0.1 : 51849 : user5682 : GET_NOTE : 2CDSVRGQ1
 WARN [2017-04-13 13:23:35,018] ({qtp788117692-53} GitNotebookRepo.java[revisionHistory]:157) - No Head found for 2CDSVRGQ1, No HEAD exists and no explicit starting revision was specified
 INFO [2017-04-13 13:23:35,034] ({qtp788117692-53} InterpreterFactory.java[createInterpretersForNote]:188) - Create interpreter instance spark for note 2CDSVRGQ1
 INFO [2017-04-13 13:23:35,056] ({qtp788117692-53} InterpreterFactory.java[createInterpretersForNote]:221) - Interpreter org.apache.zeppelin.spark.SparkInterpreter 428069917 created
 INFO [2017-04-13 13:23:35,058] ({qtp788117692-53} InterpreterFactory.java[createInterpretersForNote]:221) - Interpreter org.apache.zeppelin.spark.SparkSqlInterpreter 1163185222 created
 INFO [2017-04-13 13:23:35,060] ({qtp788117692-53} InterpreterFactory.java[createInterpretersForNote]:221) - Interpreter org.apache.zeppelin.spark.DepInterpreter 1839385062 created
 INFO [2017-04-13 13:23:35,062] ({qtp788117692-53} InterpreterFactory.java[createInterpretersForNote]:221) - Interpreter org.apache.zeppelin.spark.PySparkInterpreter 1709819045 created
 INFO [2017-04-13 13:23:35,064] ({qtp788117692-53} InterpreterFactory.java[createInterpretersForNote]:221) - Interpreter org.apache.zeppelin.spark.SparkRInterpreter 1657657145 created
 INFO [2017-04-13 13:37:07,008] ({qtp788117692-64} NotebookServer.java[broadcastNewParagraph]:641) - Broadcasting paragraph on run call instead of note.
 INFO [2017-04-13 13:37:07,223] ({pool-2-thread-2} SchedulerFactory.java[jobStarted]:131) - Job paragraph_1492107814278_-771845861 started by scheduler org.apache.zeppelin.interpreter.remote.RemoteInterpretershared_session105576354
 INFO [2017-04-13 13:37:07,229] ({pool-2-thread-2} Paragraph.java[jobRun]:362) - run paragraph 20170413-132334_1741612761 using null org.apache.zeppelin.interpreter.LazyOpenInterpreter@1983d41d
 INFO [2017-04-13 13:37:07,290] ({pool-2-thread-2} RemoteInterpreterManagedProcess.java[start]:126) - Run interpreter process [/data/apps/zeppelin-0.7.1-bin-all/bin/interpreter.sh, -d, /data/apps/zeppelin-0.7.1-bin-all/interpreter/spark, -p, 43315, -l, /data/03076/rhuang/.zeppelin/local-repo/2CDHYXB1T]
 INFO [2017-04-13 13:37:22,814] ({pool-2-thread-2} RemoteInterpreter.java[init]:216) - Create remote interpreter org.apache.zeppelin.spark.SparkInterpreter
 INFO [2017-04-13 13:37:23,691] ({pool-2-thread-2} RemoteInterpreter.java[pushAngularObjectRegistryToRemote]:544) - Push local angular object registry from ZeppelinServer to remote interpreter group 2CDHYXB1T:shared_process
 INFO [2017-04-13 13:37:23,796] ({pool-2-thread-2} RemoteInterpreter.java[init]:216) - Create remote interpreter org.apache.zeppelin.spark.SparkSqlInterpreter
 INFO [2017-04-13 13:37:23,820] ({pool-2-thread-2} RemoteInterpreter.java[init]:216) - Create remote interpreter org.apache.zeppelin.spark.DepInterpreter
 INFO [2017-04-13 13:37:23,834] ({pool-2-thread-2} RemoteInterpreter.java[init]:216) - Create remote interpreter org.apache.zeppelin.spark.PySparkInterpreter
 INFO [2017-04-13 13:37:23,916] ({pool-2-thread-2} RemoteInterpreter.java[init]:216) - Create remote interpreter org.apache.zeppelin.spark.SparkRInterpreter
 INFO [2017-04-13 13:39:49,992] ({pool-2-thread-2} NotebookServer.java[afterStatusChange]:2056) - Job 20170413-132334_1741612761 is finished successfully, status: FINISHED
 INFO [2017-04-13 13:39:50,116] ({pool-2-thread-2} SchedulerFactory.java[jobFinished]:137) - Job paragraph_1492107814278_-771845861 finished by scheduler org.apache.zeppelin.interpreter.remote.RemoteInterpretershared_session105576354
 INFO [2017-04-13 13:40:10,390] ({qtp788117692-80} NotebookServer.java[broadcastNewParagraph]:641) - Broadcasting paragraph on run call instead of note.
 INFO [2017-04-13 13:40:10,497] ({pool-2-thread-2} SchedulerFactory.java[jobStarted]:131) - Job paragraph_1492108627000_781162164 started by scheduler org.apache.zeppelin.interpreter.remote.RemoteInterpretershared_session105576354
 INFO [2017-04-13 13:40:10,500] ({pool-2-thread-2} Paragraph.java[jobRun]:362) - run paragraph 20170413-133707_1524041306 using null org.apache.zeppelin.interpreter.LazyOpenInterpreter@1983d41d
 WARN [2017-04-13 13:40:10,880] ({pool-2-thread-2} NotebookServer.java[afterStatusChange]:2058) - Job 20170413-133707_1524041306 is finished, status: ERROR, exception: null, result: %text 


<console>:26: error: not found: value $sh
       $sh yarn node -list
       ^



<console>:26: error: not found: value node
       $sh yarn node -list
                ^



<console>:26: error: not found: value list
       $sh yarn node -list
                      ^

 INFO [2017-04-13 13:40:10,996] ({pool-2-thread-2} SchedulerFactory.java[jobFinished]:137) - Job paragraph_1492108627000_781162164 finished by scheduler org.apache.zeppelin.interpreter.remote.RemoteInterpretershared_session105576354
 INFO [2017-04-13 13:40:38,222] ({qtp788117692-80} InterpreterRestApi.java[updateSetting]:138) - Update interpreterSetting 2CE1WWXCT
 INFO [2017-04-13 13:40:43,885] ({qtp788117692-85} NotebookServer.java[sendNote]:705) - New operation from 127.0.0.1 : 51849 : user5682 : GET_NOTE : 2CDSVRGQ1
 WARN [2017-04-13 13:40:43,898] ({qtp788117692-85} GitNotebookRepo.java[revisionHistory]:157) - No Head found for 2CDSVRGQ1, No HEAD exists and no explicit starting revision was specified
 INFO [2017-04-13 13:40:47,384] ({pool-2-thread-3} SchedulerFactory.java[jobStarted]:131) - Job paragraph_1492107814278_-771845861 started by scheduler org.apache.zeppelin.interpreter.remote.RemoteInterpretershared_session105576354
 INFO [2017-04-13 13:40:47,390] ({pool-2-thread-3} Paragraph.java[jobRun]:362) - run paragraph 20170413-132334_1741612761 using null org.apache.zeppelin.interpreter.LazyOpenInterpreter@1983d41d
 INFO [2017-04-13 13:40:48,131] ({pool-2-thread-3} NotebookServer.java[afterStatusChange]:2056) - Job 20170413-132334_1741612761 is finished successfully, status: FINISHED
 INFO [2017-04-13 13:40:48,232] ({pool-2-thread-3} SchedulerFactory.java[jobFinished]:137) - Job paragraph_1492107814278_-771845861 finished by scheduler org.apache.zeppelin.interpreter.remote.RemoteInterpretershared_session105576354
 INFO [2017-04-13 13:40:50,115] ({pool-2-thread-2} SchedulerFactory.java[jobStarted]:131) - Job paragraph_1492108627000_781162164 started by scheduler org.apache.zeppelin.interpreter.remote.RemoteInterpretershared_session105576354
 INFO [2017-04-13 13:40:50,118] ({pool-2-thread-2} Paragraph.java[jobRun]:362) - run paragraph 20170413-133707_1524041306 using null org.apache.zeppelin.interpreter.LazyOpenInterpreter@1983d41d
 WARN [2017-04-13 13:40:50,256] ({pool-2-thread-2} NotebookServer.java[afterStatusChange]:2058) - Job 20170413-133707_1524041306 is finished, status: ERROR, exception: null, result: %text 


<console>:26: error: not found: value $sh
       $sh yarn node -list
       ^



<console>:26: error: not found: value node
       $sh yarn node -list
                ^



<console>:26: error: not found: value list
       $sh yarn node -list
                      ^

 INFO [2017-04-13 13:40:50,342] ({pool-2-thread-2} SchedulerFactory.java[jobFinished]:137) - Job paragraph_1492108627000_781162164 finished by scheduler org.apache.zeppelin.interpreter.remote.RemoteInterpretershared_session105576354
 INFO [2017-04-13 13:40:56,718] ({qtp788117692-86} InterpreterFactory.java[createInterpretersForNote]:188) - Create interpreter instance sh for note 2CDSVRGQ1
 INFO [2017-04-13 13:40:56,721] ({qtp788117692-86} InterpreterFactory.java[createInterpretersForNote]:221) - Interpreter org.apache.zeppelin.shell.ShellInterpreter 809373990 created
 INFO [2017-04-13 13:40:58,937] ({pool-2-thread-3} SchedulerFactory.java[jobStarted]:131) - Job paragraph_1492108627000_781162164 started by scheduler org.apache.zeppelin.interpreter.remote.RemoteInterpretershared_session387386690
 INFO [2017-04-13 13:40:58,940] ({pool-2-thread-3} Paragraph.java[jobRun]:362) - run paragraph 20170413-133707_1524041306 using sh org.apache.zeppelin.interpreter.LazyOpenInterpreter@303e1126
 INFO [2017-04-13 13:40:58,943] ({pool-2-thread-3} RemoteInterpreterManagedProcess.java[start]:126) - Run interpreter process [/data/apps/zeppelin-0.7.1-bin-all/bin/interpreter.sh, -d, /data/apps/zeppelin-0.7.1-bin-all/interpreter/sh, -p, 46531, -l, /data/03076/rhuang/.zeppelin/local-repo/2CE1WWXCT]
 INFO [2017-04-13 13:41:00,966] ({pool-2-thread-3} RemoteInterpreter.java[init]:216) - Create remote interpreter org.apache.zeppelin.shell.ShellInterpreter
 INFO [2017-04-13 13:41:01,826] ({pool-2-thread-3} RemoteInterpreter.java[pushAngularObjectRegistryToRemote]:544) - Push local angular object registry from ZeppelinServer to remote interpreter group 2CE1WWXCT:shared_process
 INFO [2017-04-13 13:41:10,149] ({pool-2-thread-3} NotebookServer.java[afterStatusChange]:2056) - Job 20170413-133707_1524041306 is finished successfully, status: FINISHED
 INFO [2017-04-13 13:41:10,235] ({pool-2-thread-3} SchedulerFactory.java[jobFinished]:137) - Job paragraph_1492108627000_781162164 finished by scheduler org.apache.zeppelin.interpreter.remote.RemoteInterpretershared_session387386690
